<?xml version="1.0" encoding="UTF-8"?>
<!-- Generated by org.testng.reporters.JUnitReportReporter -->
<testsuite hostname="DESKTOP-I6EP1Q3" failures="0" tests="4" name="api.test.UserTest" time="4.513" errors="0" timestamp="2023-12-05T20:21:29 EST" skipped="0">
  <testcase classname="api.test.UserTest" name="testPostUser" time="2.135"/>
  <system-out/>
  <testcase classname="api.test.UserTest" name="testGetUser" time="0.329"/>
  <system-out/>
  <testcase classname="api.test.UserTest" name="testUpdtaeUser" time="1.822"/>
  <system-out/>
  <testcase classname="api.test.UserTest" name="testDeleteUser" time="0.227"/>
  <system-out/>
</testsuite> <!-- api.test.UserTest -->
