<?xml version="1.0" encoding="UTF-8"?>
<!-- Generated by org.testng.reporters.JUnitReportReporter -->
<testsuite hostname="DESKTOP-I6EP1Q3" failures="0" tests="4" name="api.test.UserTest" time="4.819" errors="0" timestamp="2023-12-06T14:31:30 EST" skipped="0">
  <testcase classname="api.test.UserTest" name="testPostUser" time="3.410"/>
  <system-out/>
  <testcase classname="api.test.UserTest" name="testGetUser" time="0.693"/>
  <system-out/>
  <testcase classname="api.test.UserTest" name="testUpdtaeUser" time="0.479"/>
  <system-out/>
  <testcase classname="api.test.UserTest" name="testDeleteUser" time="0.237"/>
  <system-out/>
</testsuite> <!-- api.test.UserTest -->
