<?xml version="1.0" encoding="UTF-8"?>
<!-- Generated by org.testng.reporters.JUnitReportReporter -->
<testsuite hostname="DESKTOP-I6EP1Q3" failures="0" tests="4" name="api.test.UserTest" time="1.217" errors="0" timestamp="2023-12-05T21:59:34 EST" skipped="0">
  <testcase classname="api.test.UserTest" name="testPostUser" time="0.270"/>
  <system-out/>
  <testcase classname="api.test.UserTest" name="testGetUser" time="0.239"/>
  <system-out/>
  <testcase classname="api.test.UserTest" name="testUpdtaeUser" time="0.482"/>
  <system-out/>
  <testcase classname="api.test.UserTest" name="testDeleteUser" time="0.226"/>
  <system-out/>
</testsuite> <!-- api.test.UserTest -->
