<?xml version="1.0" encoding="UTF-8"?>
<!-- Generated by org.testng.reporters.JUnitReportReporter -->
<testsuite hostname="DESKTOP-I6EP1Q3" failures="0" tests="4" name="api.test.UserTest" time="9.474" errors="0" timestamp="2023-12-06T14:32:05 EST" skipped="0">
  <testcase classname="api.test.UserTest" name="testPostUser" time="2.881"/>
  <system-out/>
  <testcase classname="api.test.UserTest" name="testGetUser" time="2.265"/>
  <system-out/>
  <testcase classname="api.test.UserTest" name="testUpdtaeUser" time="4.083"/>
  <system-out/>
  <testcase classname="api.test.UserTest" name="testDeleteUser" time="0.245"/>
  <system-out/>
</testsuite> <!-- api.test.UserTest -->
