<?xml version="1.0" encoding="UTF-8"?>
<!-- Generated by org.testng.reporters.JUnitReportReporter -->
<testsuite hostname="DESKTOP-I6EP1Q3" failures="0" tests="3" name="api.test.DataDrivenTest" time="8.243" errors="0" timestamp="2023-12-06T14:32:05 EST" skipped="0">
  <testcase classname="api.test.DataDrivenTest" name="testPostUser" time="4.385"/>
  <system-out/>
  <testcase classname="api.test.DataDrivenTest" name="testPostUser" time="1.715"/>
  <system-out/>
  <testcase classname="api.test.DataDrivenTest" name="testPostUser" time="2.143"/>
  <system-out/>
</testsuite> <!-- api.test.DataDrivenTest -->
